+----------------------- 2019-05-06 16:49:11 Log Start ------------------------+


+------------------------ 2019-05-06 16:49:18 Log Stop ------------------------+

+----------------------- 2019-05-06 16:49:40 Log Start ------------------------+


+------------------------ 2019-05-06 16:50:41 Log Stop ------------------------+

+----------------------- 2019-05-06 17:33:36 Log Start ------------------------+

[2019-05-06 17:34:09]	[ERROR]	'???$' 不是一个有效名称。请确认它不包含无效的字符或标点，且名称不太长。   在 System.Data.OleDb.OleDbCommand.ExecuteCommandTextErrorHandling(OleDbHResult hr)
   在 System.Data.OleDb.OleDbCommand.ExecuteCommandTextForSingleResult(tagDBPARAMS dbParams, Object& executeResult)
   在 System.Data.OleDb.OleDbCommand.ExecuteCommandText(Object& executeResult)
   在 System.Data.OleDb.OleDbCommand.ExecuteCommand(CommandBehavior behavior, Object& executeResult)
   在 System.Data.OleDb.OleDbCommand.ExecuteReaderInternal(CommandBehavior behavior, String method)
   在 System.Data.OleDb.OleDbCommand.ExecuteReader(CommandBehavior behavior)
   在 System.Data.OleDb.OleDbCommand.ExecuteReader()
   在 SSQ.Main.btn_dr_Click(Object sender, EventArgs e) 位置 E:\MyDocument\Programs\winform项目\SSQ\SSQ\Main.cs:行号 54

+------------------------ 2019-05-06 17:34:33 Log Stop ------------------------+

+----------------------- 2019-05-06 17:35:16 Log Start ------------------------+


+------------------------ 2019-05-06 17:37:51 Log Stop ------------------------+

+----------------------- 2019-05-06 17:38:54 Log Start ------------------------+

[2019-05-06 17:42:07]	[INFO]	UPDATE [SSQ_NUMBERS] SET [NUM_BLUE_7]=@P_NUM_BLUE_7_P, [NUM_RED_1]=@P_NUM_RED_1_P, [NUM_RED_2]=@P_NUM_RED_2_P, [NUM_RED_3]=@P_NUM_RED_3_P, [NUM_RED_4]=@P_NUM_RED_4_P, [NUM_RED_5]=@P_NUM_RED_5_P, [NUM_RED_6]=@P_NUM_RED_6_P, [QH]=@P_QH_P, [SSQ_DATE]=@P_SSQ_DATE_P WHERE ([ID] IS NULL)
[2019-05-06 17:42:08]	[INFO]	UPDATE [SSQ_NUMBERS] SET [NUM_BLUE_7]=@P_NUM_BLUE_7_P, [NUM_RED_1]=@P_NUM_RED_1_P, [NUM_RED_2]=@P_NUM_RED_2_P, [NUM_RED_3]=@P_NUM_RED_3_P, [NUM_RED_4]=@P_NUM_RED_4_P, [NUM_RED_5]=@P_NUM_RED_5_P, [NUM_RED_6]=@P_NUM_RED_6_P, [QH]=@P_QH_P, [SSQ_DATE]=@P_SSQ_DATE_P WHERE ([ID] IS NULL)

+------------------------ 2019-05-06 17:46:45 Log Stop ------------------------+

+----------------------- 2019-05-06 17:53:00 Log Start ------------------------+


+------------------------ 2019-05-06 17:53:07 Log Stop ------------------------+

